

Starting up. 23:25.49
---------------------
Adding game mode blob (blob) to configuration.
Adding game mode changeling (changeling) to configuration.
Adding game mode traitor+changeling (traitorchan) to configuration.
Adding game mode double agents (double_agents) to configuration.
Adding game mode traitor (traitor) to configuration.
Adding game mode cult (cult) to configuration.
Adding game mode extended (extended) to configuration.
Adding game mode AI malfunction (malfunction) to configuration.
Adding game mode meteor (meteor) to configuration.
Adding game mode necron (necron) to configuration.
Adding game mode Chaos Assault (nuclear) to configuration.
Adding game mode revolution (revolution) to configuration.
Adding game mode sandbox (sandbox) to configuration.
Adding game mode wizard (wizard) to configuration.
[23:25:49]ADMIN: Loading Banlistjob
[23:25:49]ADMIN: Banlistjob is empty.
[23:25:49]ADMIN: Banlistjob missing base dir.
[23:25:49]ADMIN: Loading jobban_rank
[23:25:49]ADMIN: jobban_keylist was empty
[23:25:49]ADMIN: Loading appearance_rank
[23:25:49]ADMIN: appearance_keylist was empty
[23:25:49]ADMIN: Updating jobbanfile!
[23:25:49]ADMIN: Loading Banlist
[23:25:49]ADMIN: Banlist is empty.
[23:25:49]ADMIN: Banlist missing base dir.
[23:25:49]ADMIN: Loading RTD lists
[23:25:49]ADMIN: OMG Can't find smMember.sav!
[23:25:49]ADMIN: OMG Can't find umMember.sav!
[23:25:49]ADMIN: OMG Can't find pmMember.sav!
[23:25:49]ADMIN: OMG Can't find krMember.sav!
[23:25:49]ADMIN: OMG Can't find tauMember.sav!
[23:25:49]ADMIN: OMG Can't find eldarMember.sav!
[23:25:49]ADMIN: OMG Can't find rgMember.sav!
[23:25:49]ADMIN: OMG Can't find tyranidMember.sav!
[23:25:49]ADMIN: OMG Can't find ohMember.sav!
[23:25:49]ADMIN: OMG Can't find sobMember.sav!
[23:25:49]ADMIN: OMG Can't find orkMember.sav!
[23:25:49]ADMIN: OMG Can't find ksonsMember.sav!
[23:25:49]ADMIN: OMG Can't find smleader.sav!
[23:25:49]ADMIN: OMG Can't find umleader.sav!
[23:25:49]ADMIN: OMG Can't find pmMember.sav!
[23:25:49]ADMIN: OMG Can't find tauleader.sav!
[23:25:49]ADMIN: OMG Can't find eldarleader.sav!
[23:25:49]ADMIN: OMG Can't find rgleader.sav!
[23:25:49]ADMIN: OMG Can't find tyranidleader.sav!
[23:25:49]ADMIN: OMG Can't find ohleader.sav!
[23:25:49]ADMIN: OMG Can't find ohsleader.sav!
[23:25:49]ADMIN: OMG Can't find sobleader.sav!
[23:25:49]ADMIN: OMG Can't find orkleader.sav!
[23:25:49]ADMIN: OMG Can't find ksonsleader.sav!
[23:28:22]ACCESS: Login: Bobrossnibba/(Bobrossnibba) from 73.178.13.81-1508471533 || BYOND v513
[23:28:28]ACCESS: Logout: Bobrossnibba[DC]/(Bobrossnibba)


Starting up. 23:48.06
---------------------
Adding game mode blob (blob) to configuration.
Adding game mode changeling (changeling) to configuration.
Adding game mode traitor+changeling (traitorchan) to configuration.
Adding game mode double agents (double_agents) to configuration.
Adding game mode traitor (traitor) to configuration.
Adding game mode cult (cult) to configuration.
Adding game mode extended (extended) to configuration.
Adding game mode AI malfunction (malfunction) to configuration.
Adding game mode meteor (meteor) to configuration.
Adding game mode necron (necron) to configuration.
Adding game mode Chaos Assault (nuclear) to configuration.
Adding game mode revolution (revolution) to configuration.
Adding game mode sandbox (sandbox) to configuration.
Adding game mode wizard (wizard) to configuration.
[23:48:06]ADMIN: Loading Banlistjob
[23:48:06]ADMIN: Loading jobban_rank
[23:48:06]ADMIN: jobban_keylist was empty
[23:48:06]ADMIN: Loading appearance_rank
[23:48:06]ADMIN: appearance_keylist was empty
[23:48:06]ADMIN: Updating jobbanfile!
[23:48:06]ADMIN: Loading Banlist
[23:48:06]ADMIN: Loading RTD lists


Starting up. 23:51.36
---------------------
Adding game mode blob (blob) to configuration.
Adding game mode changeling (changeling) to configuration.
Adding game mode traitor+changeling (traitorchan) to configuration.
Adding game mode double agents (double_agents) to configuration.
Adding game mode traitor (traitor) to configuration.
Adding game mode cult (cult) to configuration.
Adding game mode extended (extended) to configuration.
Adding game mode AI malfunction (malfunction) to configuration.
Adding game mode meteor (meteor) to configuration.
Adding game mode necron (necron) to configuration.
Adding game mode Chaos Assault (nuclear) to configuration.
Adding game mode revolution (revolution) to configuration.
Adding game mode sandbox (sandbox) to configuration.
Adding game mode wizard (wizard) to configuration.
[23:51:36]ADMIN: Loading Banlistjob
[23:51:36]ADMIN: Loading jobban_rank
[23:51:36]ADMIN: jobban_keylist was empty
[23:51:36]ADMIN: Loading appearance_rank
[23:51:36]ADMIN: appearance_keylist was empty
[23:51:36]ADMIN: Updating jobbanfile!
[23:51:36]ADMIN: Loading Banlist
[23:51:36]ADMIN: Loading RTD lists


Starting up. 23:54.03
---------------------
Adding game mode blob (blob) to configuration.
Adding game mode changeling (changeling) to configuration.
Adding game mode traitor+changeling (traitorchan) to configuration.
Adding game mode double agents (double_agents) to configuration.
Adding game mode traitor (traitor) to configuration.
Adding game mode cult (cult) to configuration.
Adding game mode extended (extended) to configuration.
Adding game mode AI malfunction (malfunction) to configuration.
Adding game mode meteor (meteor) to configuration.
Adding game mode necron (necron) to configuration.
Adding game mode Chaos Assault (nuclear) to configuration.
Adding game mode revolution (revolution) to configuration.
Adding game mode sandbox (sandbox) to configuration.
Adding game mode wizard (wizard) to configuration.
[23:54:03]ADMIN: Loading Banlistjob
[23:54:03]ADMIN: Loading jobban_rank
[23:54:03]ADMIN: jobban_keylist was empty
[23:54:03]ADMIN: Loading appearance_rank
[23:54:03]ADMIN: appearance_keylist was empty
[23:54:03]ADMIN: Updating jobbanfile!
[23:54:03]ADMIN: Loading Banlist
[23:54:03]ADMIN: Loading RTD lists
[23:55:40]ACCESS: Login: Bobrossnibba/(Bobrossnibba) from 73.178.13.81-1508471533 || BYOND v513
[23:57:40]ACCESS: Logout: Bobrossnibba[DC]/(Bobrossnibba)
