

Starting up. 00:00.18
---------------------


Starting up. 00:06.06
---------------------


Starting up. 00:09.56
---------------------


Starting up. 00:39.26
---------------------
[00:49:55]ATTACK: <font color='red'>Gretchin (311)(kavaran) attacked Outcast Marseus Kaeyla of Iyanden with Choppa(INTENT: HELP) (DAMTYE: BRUTE)</font>
[00:50:49]ATTACK: <font color='red'>Gretchin (311)(kavaran) shot Brother Crasius with The bullet</font>
[00:50:50]ATTACK: <font color='red'>Gretchin (311)(kavaran) shot Brother Crasius with The bullet</font>
[00:50:51]ATTACK: <font color='red'>Gretchin (311)(kavaran) shot Brother Crasius with The bullet</font>
[00:51:52]ATTACK: <font color='red'>Gretchin (311)(kavaran) shot Unknown with The bullet</font>
[00:51:53]ATTACK: <font color='red'>Gretchin (311)(kavaran) shot Unknown with The bullet</font>
[00:51:54]ATTACK: <font color='red'>Gretchin (311)(kavaran) shot Unknown with The bullet</font>
[00:51:54]ATTACK: <font color='red'>Gretchin (311)(kavaran) shot Unknown with The bullet</font>
[00:51:55]ATTACK: <font color='red'>Gretchin (311)(kavaran) shot Unknown with The bullet</font>
[00:51:56]ATTACK: <font color='red'>Gretchin (311)(kavaran) shot Unknown with The bullet</font>
[00:51:57]ATTACK: <font color='red'>Gretchin (311)(kavaran) shot Unknown with The bullet</font>
[00:51:58]ATTACK: <font color='red'>Gretchin (311)(kavaran) shot Unknown with The bullet</font>
[00:52:01]ATTACK: <font color='red'>Gretchin (311)(kavaran) shot Unknown with The bullet</font>
[00:52:02]ATTACK: <font color='red'>Gretchin (311)(kavaran) shot Unknown with The bullet</font>
[00:52:19]ATTACK: <font color='red'>Gretchin (311)(kavaran) attacked Outcast Marseus Kaeyla of Iyanden with Choppa(INTENT: HELP) (DAMTYE: BRUTE)</font>
[00:52:35]ATTACK: <font color='red'>Gretchin (311)(kavaran) attacked Lord Corpsus with Choppa(INTENT: HELP) (DAMTYE: BRUTE)</font>
[00:59:30]ATTACK: <font color='red'>Ork Kommando(kavaran) shot Sergeant Valocius Kyublai with Bolt</font>
[00:59:30]ATTACK: <font color='red'>Ork Kommando(kavaran) shot Sergeant Valocius Kyublai with Bolt</font>
[00:59:31]ATTACK: <font color='red'>Ork Kommando(kavaran) shot Sergeant Valocius Kyublai with Bolt</font>
[00:59:31]ATTACK: <font color='red'>Ork Kommando(kavaran) shot Sergeant Valocius Kyublai with Bolt</font>
[01:16:51]ATTACK: <font color='red'>Lord Corpsus(vampire132978123) shot Allen Hice with Bolt</font>
[01:17:49]ATTACK: <font color='red'>Lord Corpsus(vampire132978123) shot Allen Hice with Bolt</font>
[01:18:59]ATTACK: <font color='red'>Heretic attacked Corey Haim(bobrossnibba) with Lasgun(INTENT: HARM) (DAMTYE: BRUTE)</font>
[01:19:01]ATTACK: <font color='red'>Heretic attacked Corey Haim(bobrossnibba) with Lasgun(INTENT: HARM) (DAMTYE: BRUTE)</font>
[01:19:02]ATTACK: <font color='red'>Heretic attacked Corey Haim(bobrossnibba) with Lasgun(INTENT: HARM) (DAMTYE: BRUTE)</font>
[01:19:03]ATTACK: <font color='red'>Heretic attacked Corey Haim(bobrossnibba) with Lasgun(INTENT: HARM) (DAMTYE: BRUTE)</font>
[01:19:04]ATTACK: <font color='red'>Heretic attacked Corey Haim(bobrossnibba) with Lasgun(INTENT: HARM) (DAMTYE: BRUTE)</font>
[01:19:05]ATTACK: <font color='red'>Heretic attacked Corey Haim(bobrossnibba) with Lasgun(INTENT: HARM) (DAMTYE: BRUTE)</font>
[01:19:06]ATTACK: <font color='red'>Lord Corpsus(vampire132978123) shot Heretic with Bolt</font>
[01:19:06]ATTACK: <font color='red'>Lord Corpsus(vampire132978123) shot Heretic with Bolt</font>
[01:19:06]ATTACK: <font color='red'>Heretic shot Corey Haim(bobrossnibba) with The laser</font>
[01:19:07]ATTACK: <font color='red'>Heretic shot Corey Haim(bobrossnibba) with The laser</font>
[01:19:08]ATTACK: <font color='red'>Heretic shot Corey Haim(bobrossnibba) with The laser</font>
[01:19:09]ATTACK: <font color='red'>Heretic shot Corey Haim(bobrossnibba) with The laser</font>
[01:19:10]ATTACK: <font color='red'>Heretic shot Corey Haim(bobrossnibba) with The laser</font>
[01:19:11]ATTACK: <font color='red'>Heretic shot Corey Haim(bobrossnibba) with The laser</font>
[01:19:12]ATTACK: <font color='red'>Lord Corpsus(vampire132978123) shot Heretic with Bolt</font>
[01:19:12]ATTACK: <font color='red'>Lord Corpsus(vampire132978123) shot Heretic with Bolt</font>
[01:19:12]ATTACK: <font color='red'>Heretic shot Corey Haim(bobrossnibba) with The laser</font>
[01:19:13]ATTACK: <font color='red'>Lord Corpsus(vampire132978123) shot Heretic with Bolt</font>
[01:19:14]ATTACK: <font color='red'>Lord Corpsus(vampire132978123) shot Heretic with Bolt</font>
[01:21:29]ATTACK: <font color='red'>Lord Corpsus(vampire132978123) shot Allen Hice with The plague bolt REAGENTS:plague (25) fatigue (5) </font>
[01:21:43]ATTACK: <font color='red'>Lord Corpsus(vampire132978123) punched Allen Hice </font>
[01:21:45]ATTACK: <font color='red'>Lord Corpsus(vampire132978123) punched Allen Hice </font>
[01:23:54]ATTACK: <font color='red'>Lord Corpsus(vampire132978123) shot Corey Haim(bobrossnibba) with The plague bolt REAGENTS:plague (25) fatigue (5) </font>
[01:29:53]ATTACK: <font color='red'>Lord Corpsus(vampire132978123) shot Unknown with The stubber bullet</font>
[01:29:54]ATTACK: <font color='red'>Lord Corpsus(vampire132978123) shot Unknown with The stubber bullet</font>
[01:29:55]ATTACK: <font color='red'>Lord Corpsus(vampire132978123) shot Unknown with The stubber bullet</font>
[01:38:33]ATTACK: <font color='red'>Lord Corpsus(vampire132978123) shot Lord Of Change with The plague bolt REAGENTS:plague (25) fatigue (5) </font>
[01:40:07]ATTACK: <font color='red'>Lord Corpsus(vampire132978123) injected Talia Pratt(willhud98) with Salilane Injector(Epinephrine, Tricordrazine and Inaprovaline)</font>
[01:40:38]ATTACK: <font color='red'>Lord Corpsus(vampire132978123) injected Talia Pratt(willhud98) with Risanone Injectorwhich had Equivine and Rapid Reagent Metabolizer</font>
[01:40:40]ATTACK: <font color='red'>Lord Corpsus(vampire132978123) injected Talia Pratt(willhud98) with Risanone Injectorwhich had Equivine and Rapid Reagent Metabolizer</font>
[01:40:51]ATTACK: <font color='red'>Lord Corpsus(vampire132978123) injected Talia Pratt(willhud98) with Risanone Injectorwhich had Inaprovaline</font>


Starting up. 02:09.05
---------------------


Starting up. 15:27.15
---------------------


Starting up. 15:32.01
---------------------


Starting up. 15:47.46
---------------------


Starting up. 15:55.47
---------------------


Starting up. 17:26.53
---------------------
[17:36:12]ATTACK: <font color='red'>Kimora Jyllian(presidentputin) shot Carson Anderson(bobrossnibba) with Bolt</font>


Starting up. 17:41.49
---------------------


Starting up. 17:43.53
---------------------


Starting up. 17:45.25
---------------------
[18:10:30]ATTACK: <font color='red'>Shas Dra Nan(bobrossnibba) shot Shas Len Kan(presidentputin) with The pulse</font>
[18:10:30]ATTACK: <font color='red'>Shas Dra Nan(bobrossnibba) shot Shas Len Kan(presidentputin) with The pulse</font>
[18:10:30]ATTACK: <font color='red'>Shas Dra Nan(bobrossnibba) shot Shas Len Kan(presidentputin) with The pulse</font>
[18:10:32]ATTACK: <font color='red'>Shas Len Kan(presidentputin) shot Shas Dra Nan(bobrossnibba) with The pulse</font>
[18:10:32]ATTACK: <font color='red'>Shas Len Kan(presidentputin) shot Shas Dra Nan(bobrossnibba) with The pulse</font>
[18:10:33]ATTACK: <font color='red'>Shas Len Kan(presidentputin) shot Shas Dra Nan(bobrossnibba) with The pulse</font>
[18:10:33]ATTACK: <font color='red'>Shas Len Kan(presidentputin) shot Shas Dra Nan(bobrossnibba) with The pulse</font>
[18:10:34]ATTACK: <font color='red'>Shas Len Kan(presidentputin) shot Shas Dra Nan(bobrossnibba) with The pulse</font>
[18:10:34]ATTACK: <font color='red'>Shas Dra Nan(bobrossnibba) shot Shas Len Kan(presidentputin) with The pulse</font>
[18:10:34]ATTACK: <font color='red'>Shas Dra Nan(bobrossnibba) shot Shas Len Kan(presidentputin) with The pulse</font>
[18:10:34]ATTACK: <font color='red'>Shas Len Kan(presidentputin) shot Shas Dra Nan(bobrossnibba) with The pulse</font>
[18:10:35]ATTACK: <font color='red'>Shas Dra Nan(bobrossnibba) shot Shas Len Kan(presidentputin) with The pulse</font>
[18:10:35]ATTACK: <font color='red'>Shas Len Kan(presidentputin) shot Shas Dra Nan(bobrossnibba) with The pulse</font>
[18:10:35]ATTACK: <font color='red'>Shas Len Kan(presidentputin) shot Shas Dra Nan(bobrossnibba) with The pulse</font>
[18:10:37]ATTACK: <font color='red'>Shas Len Kan(presidentputin) shot Shas Dra Nan(bobrossnibba) with The pulse</font>
[18:10:37]ATTACK: <font color='red'>Shas Len Kan(presidentputin) shot Shas Dra Nan(bobrossnibba) with The pulse</font>
[18:10:38]ATTACK: <font color='red'>Shas Len Kan(presidentputin) shot Shas Dra Nan(bobrossnibba) with The pulse</font>
[18:10:38]ATTACK: <font color='red'>Shas Len Kan(presidentputin) shot Shas Dra Nan(bobrossnibba) with The pulse</font>
[18:10:39]ATTACK: <font color='red'>Shas Len Kan(presidentputin) shot Shas Dra Nan(bobrossnibba) with The pulse</font>
[18:10:39]ATTACK: <font color='red'>Shas Len Kan(presidentputin) shot Shas Dra Nan(bobrossnibba) with The pulse</font>
[18:10:40]ATTACK: <font color='red'>Shas Len Kan(presidentputin) shot Shas Dra Nan(bobrossnibba) with The pulse</font>
[18:10:40]ATTACK: <font color='red'>Shas Len Kan(presidentputin) shot Shas Dra Nan(bobrossnibba) with The pulse</font>
[18:10:41]ATTACK: <font color='red'>Shas Len Kan(presidentputin) shot Shas Dra Nan(bobrossnibba) with The pulse</font>
[18:10:41]ATTACK: <font color='red'>Shas Len Kan(presidentputin) shot Shas Dra Nan(bobrossnibba) with The pulse</font>
[18:10:42]ATTACK: <font color='red'>Shas Len Kan(presidentputin) shot Shas Dra Nan(bobrossnibba) with The pulse</font>
[18:10:43]ATTACK: <font color='red'>Shas Len Kan(presidentputin) shot Shas Dra Nan(bobrossnibba) with The pulse</font>
[18:10:43]ATTACK: <font color='red'>Shas Len Kan(presidentputin) shot Shas Dra Nan(bobrossnibba) with The pulse</font>
[18:14:30]ATTACK: <font color='red'>Shas Len Kan(presidentputin) shot Shas Dra Nan(bobrossnibba) with The pulse</font>
[18:14:35]ATTACK: <font color='red'>Shas Len Kan(presidentputin) shot Shas Dra Nan(bobrossnibba) with The pulse</font>
[18:14:35]ATTACK: <font color='red'>Shas Len Kan(presidentputin) shot Shas Dra Nan(bobrossnibba) with The pulse</font>
[18:14:35]ATTACK: <font color='red'>Shas Len Kan(presidentputin) shot Shas Dra Nan(bobrossnibba) with The pulse</font>
[18:14:35]ATTACK: <font color='red'>Shas Len Kan(presidentputin) shot Shas Dra Nan(bobrossnibba) with The pulse</font>
[18:14:35]ATTACK: <font color='red'>Shas Len Kan(presidentputin) shot Shas Dra Nan(bobrossnibba) with The pulse</font>
[18:14:35]ATTACK: <font color='red'>Shas Len Kan(presidentputin) shot Shas Dra Nan(bobrossnibba) with The pulse</font>
[18:14:35]ATTACK: <font color='red'>Shas Len Kan(presidentputin) shot Shas Dra Nan(bobrossnibba) with The pulse</font>
[18:14:35]ATTACK: <font color='red'>Shas Len Kan(presidentputin) shot Shas Dra Nan(bobrossnibba) with The pulse</font>


Starting up. 19:33.47
---------------------


Starting up. 19:57.25
---------------------


Starting up. 20:17.26
---------------------


Starting up. 20:34.36
---------------------


Starting up. 20:41.06
---------------------


Starting up. 20:51.27
---------------------


Starting up. 20:57.02
---------------------


Starting up. 21:03.14
---------------------


Starting up. 22:48.16
---------------------
[22:54:01]ATTACK: <font color='red'>Danny Jones(conzie) shot Carson Anderson(bobrossnibba) with The plasma</font>
[22:54:36]ATTACK: <font color='red'>Danny Jones(conzie) shot Carson Anderson(bobrossnibba) with The plasma</font>
[22:54:36]ATTACK: <font color='red'>Danny Jones(conzie) shot Carson Anderson(bobrossnibba) with The plasma</font>
[22:54:37]ATTACK: <font color='red'>Danny Jones(conzie) shot Carson Anderson(bobrossnibba) with The plasma</font>
[22:54:37]ATTACK: <font color='red'>Danny Jones(conzie) shot Carson Anderson(bobrossnibba) with The plasma</font>
[22:54:38]ATTACK: <font color='red'>Danny Jones(conzie) shot Carson Anderson(bobrossnibba) with The plasma</font>
[22:54:38]ATTACK: <font color='red'>Danny Jones(conzie) shot Carson Anderson(bobrossnibba) with The plasma</font>
[22:54:39]ATTACK: <font color='red'>Danny Jones(conzie) shot Carson Anderson(bobrossnibba) with The plasma</font>


Starting up. 23:31.22
---------------------


Starting up. 23:34.18
---------------------


Starting up. 23:39.54
---------------------
