

Starting up. 00:13.39
---------------------
Adding game mode blob (blob) to configuration.
Adding game mode changeling (changeling) to configuration.
Adding game mode traitor+changeling (traitorchan) to configuration.
Adding game mode double agents (double_agents) to configuration.
Adding game mode traitor (traitor) to configuration.
Adding game mode cult (cult) to configuration.
Adding game mode extended (extended) to configuration.
Adding game mode AI malfunction (malfunction) to configuration.
Adding game mode meteor (meteor) to configuration.
Adding game mode necron (necron) to configuration.
Adding game mode Chaos Assault (nuclear) to configuration.
Adding game mode revolution (revolution) to configuration.
Adding game mode sandbox (sandbox) to configuration.
Adding game mode wizard (wizard) to configuration.
[00:13:39]ADMIN: Loading Banlistjob
[00:13:39]ADMIN: Loading jobban_rank
[00:13:39]ADMIN: jobban_keylist was empty
[00:13:39]ADMIN: Loading appearance_rank
[00:13:39]ADMIN: appearance_keylist was empty
[00:13:39]ADMIN: Updating jobbanfile!
[00:13:39]ADMIN: Loading Banlist
[00:13:39]ADMIN: Loading RTD lists
[00:15:23]ACCESS: Login: Bobrossnibba/(Bobrossnibba) from 73.178.13.81-1508471533 || BYOND v513
[00:15:35]ADMIN: Bobrossnibba has started the game.
[00:15:35]GAME: Bobrossnibba (ckey) has been selected as a Heretic
[00:15:37]ACCESS: Logout: *no key*/(Bobrossnibba)
[00:15:37]ACCESS: Login: Bobrossnibba/(Carson Anderson) from 73.178.13.81-1508471533 || BYOND v513
[00:15:41]SAY: Carson Anderson/Bobrossnibba : retard
[00:15:43]SAY: Carson Anderson/Bobrossnibba : test
[00:16:01]SAY: Carson Anderson/Bobrossnibba : yeet
[00:16:39]EMOTE: monkey (216)/ : <B>The monkey (216)</B> jumps!
[00:18:21]SAY: Carson Anderson/Bobrossnibba : thanks spacemaniac
[00:19:34]EMOTE: monkey (216)/ : <B>The monkey (216)</B> jumps!
[00:20:00]EMOTE: monkey (439)/ : <B>The monkey (439)</B> jumps!
[00:20:28]EMOTE: monkey (458)/ : <B>The monkey (458)</B> jumps!
[00:22:33]ACCESS: Logout: Bobrossnibba[DC]/(Carson Anderson)


Starting up. 00:23.09
---------------------
Adding game mode blob (blob) to configuration.
Adding game mode changeling (changeling) to configuration.
Adding game mode traitor+changeling (traitorchan) to configuration.
Adding game mode double agents (double_agents) to configuration.
Adding game mode traitor (traitor) to configuration.
Adding game mode cult (cult) to configuration.
Adding game mode extended (extended) to configuration.
Adding game mode AI malfunction (malfunction) to configuration.
Adding game mode meteor (meteor) to configuration.
Adding game mode necron (necron) to configuration.
Adding game mode Chaos Assault (nuclear) to configuration.
Adding game mode revolution (revolution) to configuration.
Adding game mode sandbox (sandbox) to configuration.
Adding game mode wizard (wizard) to configuration.
[00:23:09]ADMIN: Loading Banlistjob
[00:23:09]ADMIN: Loading jobban_rank
[00:23:09]ADMIN: jobban_keylist was empty
[00:23:09]ADMIN: Loading appearance_rank
[00:23:09]ADMIN: appearance_keylist was empty
[00:23:09]ADMIN: Updating jobbanfile!
[00:23:09]ADMIN: Loading Banlist
[00:23:09]ADMIN: Loading RTD lists
[00:25:35]ACCESS: Login: Bobrossnibba/(Bobrossnibba) from 73.178.13.81-1508471533 || BYOND v513
[00:25:58]ADMIN: Bobrossnibba has started the game.
[00:25:59]GAME: Bobrossnibba (ckey) has been selected as a Heretic
[00:26:00]ACCESS: Logout: *no key*/(Bobrossnibba)
[00:26:00]ACCESS: Login: Bobrossnibba/(Carson Anderson) from 73.178.13.81-1508471533 || BYOND v513
[00:26:06]SAY: Carson Anderson/Bobrossnibba : is it real
[00:26:10]ACCESS: Logout: Bobrossnibba[DC]/(Carson Anderson)


Starting up. 00:30.16
---------------------
Adding game mode blob (blob) to configuration.
Adding game mode changeling (changeling) to configuration.
Adding game mode traitor+changeling (traitorchan) to configuration.
Adding game mode double agents (double_agents) to configuration.
Adding game mode traitor (traitor) to configuration.
Adding game mode cult (cult) to configuration.
Adding game mode extended (extended) to configuration.
Adding game mode AI malfunction (malfunction) to configuration.
Adding game mode meteor (meteor) to configuration.
Adding game mode necron (necron) to configuration.
Adding game mode Chaos Assault (nuclear) to configuration.
Adding game mode revolution (revolution) to configuration.
Adding game mode sandbox (sandbox) to configuration.
Adding game mode wizard (wizard) to configuration.
[00:30:16]ADMIN: Loading Banlistjob
[00:30:16]ADMIN: Loading jobban_rank
[00:30:16]ADMIN: jobban_keylist was empty
[00:30:16]ADMIN: Loading appearance_rank
[00:30:16]ADMIN: appearance_keylist was empty
[00:30:16]ADMIN: Updating jobbanfile!
[00:30:16]ADMIN: Loading Banlist
[00:30:16]ADMIN: Loading RTD lists
[00:31:56]ACCESS: Login: Bobrossnibba/(Bobrossnibba) from 73.178.13.81-1508471533 || BYOND v513
[00:32:07]ADMIN: Bobrossnibba has started the game.
[00:32:08]GAME: Bobrossnibba (ckey) has been selected as a Heretic
[00:32:09]ACCESS: Logout: *no key*/(Bobrossnibba)
[00:32:09]ACCESS: Login: Bobrossnibba/(Carson Anderson) from 73.178.13.81-1508471533 || BYOND v513
[00:32:14]SAY: Carson Anderson/Bobrossnibba : test
[00:32:17]SAY: Carson Anderson/Bobrossnibba : cum
[00:32:18]ACCESS: Logout: Bobrossnibba[DC]/(Carson Anderson)


Starting up. 00:40.59
---------------------
Adding game mode blob (blob) to configuration.
Adding game mode changeling (changeling) to configuration.
Adding game mode traitor+changeling (traitorchan) to configuration.
Adding game mode double agents (double_agents) to configuration.
Adding game mode traitor (traitor) to configuration.
Adding game mode cult (cult) to configuration.
Adding game mode extended (extended) to configuration.
Adding game mode AI malfunction (malfunction) to configuration.
Adding game mode meteor (meteor) to configuration.
Adding game mode necron (necron) to configuration.
Adding game mode Chaos Assault (nuclear) to configuration.
Adding game mode revolution (revolution) to configuration.
Adding game mode sandbox (sandbox) to configuration.
Adding game mode wizard (wizard) to configuration.
[00:41:00]ADMIN: Loading Banlistjob
[00:41:00]ADMIN: Loading jobban_rank
[00:41:00]ADMIN: jobban_keylist was empty
[00:41:00]ADMIN: Loading appearance_rank
[00:41:00]ADMIN: appearance_keylist was empty
[00:41:00]ADMIN: Updating jobbanfile!
[00:41:00]ADMIN: Loading Banlist
[00:41:00]ADMIN: Loading RTD lists


Starting up. 00:52.12
---------------------
Adding game mode blob (blob) to configuration.
Adding game mode changeling (changeling) to configuration.
Adding game mode traitor+changeling (traitorchan) to configuration.
Adding game mode double agents (double_agents) to configuration.
Adding game mode traitor (traitor) to configuration.
Adding game mode cult (cult) to configuration.
Adding game mode extended (extended) to configuration.
Adding game mode AI malfunction (malfunction) to configuration.
Adding game mode meteor (meteor) to configuration.
Adding game mode necron (necron) to configuration.
Adding game mode Chaos Assault (nuclear) to configuration.
Adding game mode revolution (revolution) to configuration.
Adding game mode sandbox (sandbox) to configuration.
Adding game mode wizard (wizard) to configuration.
[00:52:12]ADMIN: Loading Banlistjob
[00:52:12]ADMIN: Loading jobban_rank
[00:52:12]ADMIN: jobban_keylist was empty
[00:52:12]ADMIN: Loading appearance_rank
[00:52:12]ADMIN: appearance_keylist was empty
[00:52:12]ADMIN: Updating jobbanfile!
[00:52:12]ADMIN: Loading Banlist
[00:52:12]ADMIN: Loading RTD lists
[00:53:56]ACCESS: Login: Bobrossnibba/(Bobrossnibba) from 73.178.13.81-1508471533 || BYOND v513
[00:55:23]GAME: Bobrossnibba (ckey) has been selected as a Heretic
[00:55:24]ACCESS: Logout: *no key*/(Bobrossnibba)
[00:55:24]ACCESS: Login: Bobrossnibba/(Carson Anderson) from 73.178.13.81-1508471533 || BYOND v513
[00:55:30]SAY: Carson Anderson/Bobrossnibba : testicles
[00:55:32]SAY: Carson Anderson/Bobrossnibba : meme
[00:55:35]ACCESS: Logout: Bobrossnibba[DC]/(Carson Anderson)
